[2026-01-07 10:12:53] laravel.EMERGENCY: Unable to create configured logger. Using emergency logger. {"exception":"[object] (InvalidArgumentException(code: 0): Log [] is not defined. at C:/Users/LENOVO LEGION/Documents/email payment gatway/vendor/laravel/framework/src/Illuminate/Log/LogManager.php:212)
[stacktrace]
#0 C:/Users/LENOVO LEGION/Documents/email payment gatway/vendor/laravel/framework/src/Illuminate/Log/LogManager.php(137): Illuminate/Log/LogManager->resolve(NULL, NULL)
#1 C:/Users/LENOVO LEGION/Documents/email payment gatway/vendor/laravel/framework/src/Illuminate/Log/LogManager.php(124): Illuminate/Log/LogManager->get(NULL)
#2 C:/Users/LENOVO LEGION/Documents/email payment gatway/vendor/laravel/framework/src/Illuminate/Log/LogManager.php(681): Illuminate/Log/LogManager->driver()
#3 C:/Users/LENOVO LEGION/Documents/email payment gatway/vendor/laravel/framework/src/Illuminate/Foundation/Exceptions/Handler.php(317): Illuminate/Log/LogManager->error('Unable to load ...', Array)
#4 C:/Users/LENOVO LEGION/Documents/email payment gatway/vendor/laravel/framework/src/Illuminate/Foundation/Exceptions/Handler.php(278): Illuminate/Foundation/Exceptions/Handler->reportThrowable(Object(Exception))
#5 C:/Users/LENOVO LEGION/Documents/email payment gatway/vendor/laravel/framework/src/Illuminate/Foundation/Console/Kernel.php(523): Illuminate/Foundation/Exceptions/Handler->report(Object(Exception))
#6 C:/Users/LENOVO LEGION/Documents/email payment gatway/vendor/laravel/framework/src/Illuminate/Foundation/Console/Kernel.php(203): Illuminate/Foundation/Console/Kernel->reportException(Object(Exception))
#7 C:/Users/LENOVO LEGION/Documents/email payment gatway/artisan(14): Illuminate/Foundation/Console/Kernel->handle(Object(Symfony/Component/Console/Input/ArgvInput), Object(Symfony/Component/Console/Output/ConsoleOutput))
#8 {main}
"} 
[2026-01-07 10:12:53] laravel.ERROR: Unable to load the "app" configuration file. {"exception":"[object] (Exception(code: 0): Unable to load the \"app\" configuration file. at C:/Users/LENOVO LEGION/Documents/email payment gatway/vendor/laravel/framework/src/Illuminate/Foundation/Bootstrap/LoadConfiguration.php:66)
[stacktrace]
#0 C:/Users/LENOVO LEGION/Documents/email payment gatway/vendor/laravel/framework/src/Illuminate/Foundation/Bootstrap/LoadConfiguration.php(39): Illuminate/Foundation/Bootstrap/LoadConfiguration->loadConfigurationFiles(Object(Illuminate/Foundation/Application), Object(Illuminate/Config/Repository))
#1 C:/Users/LENOVO LEGION/Documents/email payment gatway/vendor/laravel/framework/src/Illuminate/Foundation/Application.php(286): Illuminate/Foundation/Bootstrap/LoadConfiguration->bootstrap(Object(Illuminate/Foundation/Application))
#2 C:/Users/LENOVO LEGION/Documents/email payment gatway/vendor/laravel/framework/src/Illuminate/Foundation/Console/Kernel.php(447): Illuminate/Foundation/Application->bootstrapWith(Array)
#3 C:/Users/LENOVO LEGION/Documents/email payment gatway/vendor/laravel/framework/src/Illuminate/Foundation/Console/Kernel.php(199): Illuminate/Foundation/Console/Kernel->bootstrap()
#4 C:/Users/LENOVO LEGION/Documents/email payment gatway/artisan(14): Illuminate/Foundation/Console/Kernel->handle(Object(Symfony/Component/Console/Input/ArgvInput), Object(Symfony/Component/Console/Output/ConsoleOutput))
#5 {main}
"} 
[2026-01-07 10:12:54] laravel.EMERGENCY: Unable to create configured logger. Using emergency logger. {"exception":"[object] (InvalidArgumentException(code: 0): Log [] is not defined. at C:/Users/LENOVO LEGION/Documents/email payment gatway/vendor/laravel/framework/src/Illuminate/Log/LogManager.php:212)
[stacktrace]
#0 C:/Users/LENOVO LEGION/Documents/email payment gatway/vendor/laravel/framework/src/Illuminate/Log/LogManager.php(137): Illuminate/Log/LogManager->resolve(NULL, NULL)
#1 C:/Users/LENOVO LEGION/Documents/email payment gatway/vendor/laravel/framework/src/Illuminate/Log/LogManager.php(124): Illuminate/Log/LogManager->get(NULL)
#2 C:/Users/LENOVO LEGION/Documents/email payment gatway/vendor/laravel/framework/src/Illuminate/Log/LogManager.php(681): Illuminate/Log/LogManager->driver()
#3 C:/Users/LENOVO LEGION/Documents/email payment gatway/vendor/laravel/framework/src/Illuminate/Foundation/Exceptions/Handler.php(317): Illuminate/Log/LogManager->error('Unable to load ...', Array)
#4 C:/Users/LENOVO LEGION/Documents/email payment gatway/vendor/laravel/framework/src/Illuminate/Foundation/Exceptions/Handler.php(278): Illuminate/Foundation/Exceptions/Handler->reportThrowable(Object(Exception))
#5 C:/Users/LENOVO LEGION/Documents/email payment gatway/vendor/laravel/framework/src/Illuminate/Foundation/Console/Kernel.php(523): Illuminate/Foundation/Exceptions/Handler->report(Object(Exception))
#6 C:/Users/LENOVO LEGION/Documents/email payment gatway/vendor/laravel/framework/src/Illuminate/Foundation/Console/Kernel.php(203): Illuminate/Foundation/Console/Kernel->reportException(Object(Exception))
#7 Command line code(1): Illuminate/Foundation/Console/Kernel->handle(Object(Symfony/Component/Console/Input/ArgvInput), Object(Symfony/Component/Console/Output/ConsoleOutput))
#8 {main}
"} 
[2026-01-07 10:12:54] laravel.ERROR: Unable to load the "app" configuration file. {"exception":"[object] (Exception(code: 0): Unable to load the \"app\" configuration file. at C:/Users/LENOVO LEGION/Documents/email payment gatway/vendor/laravel/framework/src/Illuminate/Foundation/Bootstrap/LoadConfiguration.php:66)
[stacktrace]
#0 C:/Users/LENOVO LEGION/Documents/email payment gatway/vendor/laravel/framework/src/Illuminate/Foundation/Bootstrap/LoadConfiguration.php(39): Illuminate/Foundation/Bootstrap/LoadConfiguration->loadConfigurationFiles(Object(Illuminate/Foundation/Application), Object(Illuminate/Config/Repository))
#1 C:/Users/LENOVO LEGION/Documents/email payment gatway/vendor/laravel/framework/src/Illuminate/Foundation/Application.php(286): Illuminate/Foundation/Bootstrap/LoadConfiguration->bootstrap(Object(Illuminate/Foundation/Application))
#2 C:/Users/LENOVO LEGION/Documents/email payment gatway/vendor/laravel/framework/src/Illuminate/Foundation/Console/Kernel.php(447): Illuminate/Foundation/Application->bootstrapWith(Array)
#3 C:/Users/LENOVO LEGION/Documents/email payment gatway/vendor/laravel/framework/src/Illuminate/Foundation/Console/Kernel.php(199): Illuminate/Foundation/Console/Kernel->bootstrap()
#4 Command line code(1): Illuminate/Foundation/Console/Kernel->handle(Object(Symfony/Component/Console/Input/ArgvInput), Object(Symfony/Component/Console/Output/ConsoleOutput))
#5 {main}
"} 
[2026-01-07 10:12:54] laravel.EMERGENCY: Unable to create configured logger. Using emergency logger. {"exception":"[object] (InvalidArgumentException(code: 0): Log [] is not defined. at C:/Users/LENOVO LEGION/Documents/email payment gatway/vendor/laravel/framework/src/Illuminate/Log/LogManager.php:212)
[stacktrace]
#0 C:/Users/LENOVO LEGION/Documents/email payment gatway/vendor/laravel/framework/src/Illuminate/Log/LogManager.php(137): Illuminate/Log/LogManager->resolve(NULL, NULL)
#1 C:/Users/LENOVO LEGION/Documents/email payment gatway/vendor/laravel/framework/src/Illuminate/Log/LogManager.php(124): Illuminate/Log/LogManager->get(NULL)
#2 C:/Users/LENOVO LEGION/Documents/email payment gatway/vendor/laravel/framework/src/Illuminate/Log/LogManager.php(681): Illuminate/Log/LogManager->driver()
#3 C:/Users/LENOVO LEGION/Documents/email payment gatway/vendor/laravel/framework/src/Illuminate/Foundation/Exceptions/Handler.php(317): Illuminate/Log/LogManager->error('Unable to load ...', Array)
#4 C:/Users/LENOVO LEGION/Documents/email payment gatway/vendor/laravel/framework/src/Illuminate/Foundation/Exceptions/Handler.php(278): Illuminate/Foundation/Exceptions/Handler->reportThrowable(Object(Exception))
#5 C:/Users/LENOVO LEGION/Documents/email payment gatway/vendor/laravel/framework/src/Illuminate/Foundation/Console/Kernel.php(523): Illuminate/Foundation/Exceptions/Handler->report(Object(Exception))
#6 C:/Users/LENOVO LEGION/Documents/email payment gatway/vendor/laravel/framework/src/Illuminate/Foundation/Console/Kernel.php(203): Illuminate/Foundation/Console/Kernel->reportException(Object(Exception))
#7 Command line code(1): Illuminate/Foundation/Console/Kernel->handle(Object(Symfony/Component/Console/Input/ArgvInput), Object(Symfony/Component/Console/Output/ConsoleOutput))
#8 {main}
"} 
[2026-01-07 10:12:54] laravel.ERROR: Unable to load the "app" configuration file. {"exception":"[object] (Exception(code: 0): Unable to load the \"app\" configuration file. at C:/Users/LENOVO LEGION/Documents/email payment gatway/vendor/laravel/framework/src/Illuminate/Foundation/Bootstrap/LoadConfiguration.php:66)
[stacktrace]
#0 C:/Users/LENOVO LEGION/Documents/email payment gatway/vendor/laravel/framework/src/Illuminate/Foundation/Bootstrap/LoadConfiguration.php(39): Illuminate/Foundation/Bootstrap/LoadConfiguration->loadConfigurationFiles(Object(Illuminate/Foundation/Application), Object(Illuminate/Config/Repository))
#1 C:/Users/LENOVO LEGION/Documents/email payment gatway/vendor/laravel/framework/src/Illuminate/Foundation/Application.php(286): Illuminate/Foundation/Bootstrap/LoadConfiguration->bootstrap(Object(Illuminate/Foundation/Application))
#2 C:/Users/LENOVO LEGION/Documents/email payment gatway/vendor/laravel/framework/src/Illuminate/Foundation/Console/Kernel.php(447): Illuminate/Foundation/Application->bootstrapWith(Array)
#3 C:/Users/LENOVO LEGION/Documents/email payment gatway/vendor/laravel/framework/src/Illuminate/Foundation/Console/Kernel.php(199): Illuminate/Foundation/Console/Kernel->bootstrap()
#4 Command line code(1): Illuminate/Foundation/Console/Kernel->handle(Object(Symfony/Component/Console/Input/ArgvInput), Object(Symfony/Component/Console/Output/ConsoleOutput))
#5 {main}
"} 
[2026-01-07 10:13:09] laravel.EMERGENCY: Unable to create configured logger. Using emergency logger. {"exception":"[object] (InvalidArgumentException(code: 0): Log [] is not defined. at C:/Users/LENOVO LEGION/Documents/email payment gatway/vendor/laravel/framework/src/Illuminate/Log/LogManager.php:212)
[stacktrace]
#0 C:/Users/LENOVO LEGION/Documents/email payment gatway/vendor/laravel/framework/src/Illuminate/Log/LogManager.php(137): Illuminate/Log/LogManager->resolve(NULL, NULL)
#1 C:/Users/LENOVO LEGION/Documents/email payment gatway/vendor/laravel/framework/src/Illuminate/Log/LogManager.php(124): Illuminate/Log/LogManager->get(NULL)
#2 C:/Users/LENOVO LEGION/Documents/email payment gatway/vendor/laravel/framework/src/Illuminate/Log/LogManager.php(681): Illuminate/Log/LogManager->driver()
#3 C:/Users/LENOVO LEGION/Documents/email payment gatway/vendor/laravel/framework/src/Illuminate/Foundation/Exceptions/Handler.php(317): Illuminate/Log/LogManager->error('__VSCODE_LARAVE...', Array)
#4 C:/Users/LENOVO LEGION/Documents/email payment gatway/vendor/laravel/framework/src/Illuminate/Foundation/Exceptions/Handler.php(278): Illuminate/Foundation/Exceptions/Handler->reportThrowable(Object(Error))
#5 C:/Users/LENOVO LEGION/Documents/email payment gatway/vendor/laravel/framework/src/Illuminate/Foundation/Bootstrap/HandleExceptions.php(183): Illuminate/Foundation/Exceptions/Handler->report(Object(Error))
#6 C:/Users/LENOVO LEGION/Documents/email payment gatway/vendor/laravel/framework/src/Illuminate/Foundation/Bootstrap/HandleExceptions.php(255): Illuminate/Foundation/Bootstrap/HandleExceptions->handleException(Object(Error))
#7 [internal function]: Illuminate/Foundation/Bootstrap/HandleExceptions->{closure:Illuminate/Foundation/Bootstrap/HandleExceptions::forwardsTo():254}(Object(Error))
#8 {main}
"} 
[2026-01-07 10:13:09] laravel.ERROR: __VSCODE_LARAVEL_STARTUP_ERROR__: The C:\Users\LENOVO LEGION\Documents\email payment gatway\bootstrap\cache directory must be present and writable. {"exception":"[object] (Error(code: 0): __VSCODE_LARAVEL_STARTUP_ERROR__: The C:\\Users\\LENOVO LEGION\\Documents\\email payment gatway\\bootstrap\\cache directory must be present and writable. at C:/Users/LENOVO LEGION/Documents/email payment gatway/vendor/_laravel_ide/discover-6d96201ad95cad12367117063c707ebf.php:33)
[stacktrace]
#0 C:/Users/LENOVO LEGION/Documents/email payment gatway/vendor/_laravel_ide/discover-6d96201ad95cad12367117063c707ebf.php(62): LaravelVsCode::startupError(Object(Exception))
#1 {main}
"} 
[2026-01-07 10:13:10] laravel.EMERGENCY: Unable to create configured logger. Using emergency logger. {"exception":"[object] (InvalidArgumentException(code: 0): Log [] is not defined. at C:/Users/LENOVO LEGION/Documents/email payment gatway/vendor/laravel/framework/src/Illuminate/Log/LogManager.php:212)
[stacktrace]
#0 C:/Users/LENOVO LEGION/Documents/email payment gatway/vendor/laravel/framework/src/Illuminate/Log/LogManager.php(137): Illuminate/Log/LogManager->resolve(NULL, NULL)
#1 C:/Users/LENOVO LEGION/Documents/email payment gatway/vendor/laravel/framework/src/Illuminate/Log/LogManager.php(124): Illuminate/Log/LogManager->get(NULL)
#2 C:/Users/LENOVO LEGION/Documents/email payment gatway/vendor/laravel/framework/src/Illuminate/Log/LogManager.php(681): Illuminate/Log/LogManager->driver()
#3 C:/Users/LENOVO LEGION/Documents/email payment gatway/vendor/laravel/framework/src/Illuminate/Foundation/Exceptions/Handler.php(317): Illuminate/Log/LogManager->error('__VSCODE_LARAVE...', Array)
#4 C:/Users/LENOVO LEGION/Documents/email payment gatway/vendor/laravel/framework/src/Illuminate/Foundation/Exceptions/Handler.php(278): Illuminate/Foundation/Exceptions/Handler->reportThrowable(Object(Error))
#5 C:/Users/LENOVO LEGION/Documents/email payment gatway/vendor/laravel/framework/src/Illuminate/Foundation/Bootstrap/HandleExceptions.php(183): Illuminate/Foundation/Exceptions/Handler->report(Object(Error))
#6 C:/Users/LENOVO LEGION/Documents/email payment gatway/vendor/laravel/framework/src/Illuminate/Foundation/Bootstrap/HandleExceptions.php(255): Illuminate/Foundation/Bootstrap/HandleExceptions->handleException(Object(Error))
#7 [internal function]: Illuminate/Foundation/Bootstrap/HandleExceptions->{closure:Illuminate/Foundation/Bootstrap/HandleExceptions::forwardsTo():254}(Object(Error))
#8 {main}
"} 
[2026-01-07 10:13:10] laravel.ERROR: __VSCODE_LARAVEL_STARTUP_ERROR__: The C:\Users\LENOVO LEGION\Documents\email payment gatway\bootstrap\cache directory must be present and writable. {"exception":"[object] (Error(code: 0): __VSCODE_LARAVEL_STARTUP_ERROR__: The C:\\Users\\LENOVO LEGION\\Documents\\email payment gatway\\bootstrap\\cache directory must be present and writable. at C:/Users/LENOVO LEGION/Documents/email payment gatway/vendor/_laravel_ide/discover-6d96201ad95cad12367117063c707ebf.php:33)
[stacktrace]
#0 C:/Users/LENOVO LEGION/Documents/email payment gatway/vendor/_laravel_ide/discover-6d96201ad95cad12367117063c707ebf.php(62): LaravelVsCode::startupError(Object(Exception))
#1 {main}
"} 
[2026-01-07 10:13:10] laravel.EMERGENCY: Unable to create configured logger. Using emergency logger. {"exception":"[object] (InvalidArgumentException(code: 0): Log [] is not defined. at C:/Users/LENOVO LEGION/Documents/email payment gatway/vendor/laravel/framework/src/Illuminate/Log/LogManager.php:212)
[stacktrace]
#0 C:/Users/LENOVO LEGION/Documents/email payment gatway/vendor/laravel/framework/src/Illuminate/Log/LogManager.php(137): Illuminate/Log/LogManager->resolve(NULL, NULL)
#1 C:/Users/LENOVO LEGION/Documents/email payment gatway/vendor/laravel/framework/src/Illuminate/Log/LogManager.php(124): Illuminate/Log/LogManager->get(NULL)
#2 C:/Users/LENOVO LEGION/Documents/email payment gatway/vendor/laravel/framework/src/Illuminate/Log/LogManager.php(681): Illuminate/Log/LogManager->driver()
#3 C:/Users/LENOVO LEGION/Documents/email payment gatway/vendor/laravel/framework/src/Illuminate/Foundation/Exceptions/Handler.php(317): Illuminate/Log/LogManager->error('__VSCODE_LARAVE...', Array)
#4 C:/Users/LENOVO LEGION/Documents/email payment gatway/vendor/laravel/framework/src/Illuminate/Foundation/Exceptions/Handler.php(278): Illuminate/Foundation/Exceptions/Handler->reportThrowable(Object(Error))
#5 C:/Users/LENOVO LEGION/Documents/email payment gatway/vendor/laravel/framework/src/Illuminate/Foundation/Bootstrap/HandleExceptions.php(183): Illuminate/Foundation/Exceptions/Handler->report(Object(Error))
#6 C:/Users/LENOVO LEGION/Documents/email payment gatway/vendor/laravel/framework/src/Illuminate/Foundation/Bootstrap/HandleExceptions.php(255): Illuminate/Foundation/Bootstrap/HandleExceptions->handleException(Object(Error))
#7 [internal function]: Illuminate/Foundation/Bootstrap/HandleExceptions->{closure:Illuminate/Foundation/Bootstrap/HandleExceptions::forwardsTo():254}(Object(Error))
#8 {main}
"} 
[2026-01-07 10:13:10] laravel.ERROR: __VSCODE_LARAVEL_STARTUP_ERROR__: The C:\Users\LENOVO LEGION\Documents\email payment gatway\bootstrap\cache directory must be present and writable. {"exception":"[object] (Error(code: 0): __VSCODE_LARAVEL_STARTUP_ERROR__: The C:\\Users\\LENOVO LEGION\\Documents\\email payment gatway\\bootstrap\\cache directory must be present and writable. at C:/Users/LENOVO LEGION/Documents/email payment gatway/vendor/_laravel_ide/discover-5802e590a92e23606bb54d2909564178.php:33)
[stacktrace]
#0 C:/Users/LENOVO LEGION/Documents/email payment gatway/vendor/_laravel_ide/discover-5802e590a92e23606bb54d2909564178.php(62): LaravelVsCode::startupError(Object(Exception))
#1 {main}
"} 
[2026-01-07 10:13:11] local.ERROR: __VSCODE_LARAVEL_STARTUP_ERROR__: The C:\Users\LENOVO LEGION\Documents\email payment gatway\bootstrap\cache directory must be present and writable. {"exception":"[object] (Error(code: 0): __VSCODE_LARAVEL_STARTUP_ERROR__: The C:\\Users\\LENOVO LEGION\\Documents\\email payment gatway\\bootstrap\\cache directory must be present and writable. at C:/Users/LENOVO LEGION/Documents/email payment gatway/vendor/_laravel_ide/discover-6d96201ad95cad12367117063c707ebf.php:33)
[stacktrace]
#0 C:/Users/LENOVO LEGION/Documents/email payment gatway/vendor/_laravel_ide/discover-6d96201ad95cad12367117063c707ebf.php(62): LaravelVsCode::startupError(Object(Exception))
#1 {main}
"} 
[2026-01-07 10:13:11] local.ERROR: __VSCODE_LARAVEL_STARTUP_ERROR__: The C:\Users\LENOVO LEGION\Documents\email payment gatway\bootstrap\cache directory must be present and writable. {"exception":"[object] (Error(code: 0): __VSCODE_LARAVEL_STARTUP_ERROR__: The C:\\Users\\LENOVO LEGION\\Documents\\email payment gatway\\bootstrap\\cache directory must be present and writable. at C:/Users/LENOVO LEGION/Documents/email payment gatway/vendor/_laravel_ide/discover-5802e590a92e23606bb54d2909564178.php:33)
[stacktrace]
#0 C:/Users/LENOVO LEGION/Documents/email payment gatway/vendor/_laravel_ide/discover-5802e590a92e23606bb54d2909564178.php(62): LaravelVsCode::startupError(Object(Exception))
#1 {main}
"} 
[2026-01-07 10:13:15] local.ERROR: __VSCODE_LARAVEL_STARTUP_ERROR__: The C:\Users\LENOVO LEGION\Documents\email payment gatway\bootstrap\cache directory must be present and writable. {"exception":"[object] (Error(code: 0): __VSCODE_LARAVEL_STARTUP_ERROR__: The C:\\Users\\LENOVO LEGION\\Documents\\email payment gatway\\bootstrap\\cache directory must be present and writable. at C:/Users/LENOVO LEGION/Documents/email payment gatway/vendor/_laravel_ide/discover-5802e590a92e23606bb54d2909564178.php:33)
[stacktrace]
#0 C:/Users/LENOVO LEGION/Documents/email payment gatway/vendor/_laravel_ide/discover-5802e590a92e23606bb54d2909564178.php(62): LaravelVsCode::startupError(Object(Exception))
#1 {main}
"} 
[2026-01-07 10:13:15] local.ERROR: __VSCODE_LARAVEL_STARTUP_ERROR__: The C:\Users\LENOVO LEGION\Documents\email payment gatway\bootstrap\cache directory must be present and writable. {"exception":"[object] (Error(code: 0): __VSCODE_LARAVEL_STARTUP_ERROR__: The C:\\Users\\LENOVO LEGION\\Documents\\email payment gatway\\bootstrap\\cache directory must be present and writable. at C:/Users/LENOVO LEGION/Documents/email payment gatway/vendor/_laravel_ide/discover-6d96201ad95cad12367117063c707ebf.php:33)
[stacktrace]
#0 C:/Users/LENOVO LEGION/Documents/email payment gatway/vendor/_laravel_ide/discover-6d96201ad95cad12367117063c707ebf.php(62): LaravelVsCode::startupError(Object(Exception))
#1 {main}
"} 
[2026-01-07 10:13:15] local.ERROR: __VSCODE_LARAVEL_STARTUP_ERROR__: The C:\Users\LENOVO LEGION\Documents\email payment gatway\bootstrap\cache directory must be present and writable. {"exception":"[object] (Error(code: 0): __VSCODE_LARAVEL_STARTUP_ERROR__: The C:\\Users\\LENOVO LEGION\\Documents\\email payment gatway\\bootstrap\\cache directory must be present and writable. at C:/Users/LENOVO LEGION/Documents/email payment gatway/vendor/_laravel_ide/discover-6d96201ad95cad12367117063c707ebf.php:33)
[stacktrace]
#0 C:/Users/LENOVO LEGION/Documents/email payment gatway/vendor/_laravel_ide/discover-6d96201ad95cad12367117063c707ebf.php(62): LaravelVsCode::startupError(Object(Exception))
#1 {main}
"} 
[2026-01-07 10:13:15] local.ERROR: __VSCODE_LARAVEL_STARTUP_ERROR__: The C:\Users\LENOVO LEGION\Documents\email payment gatway\bootstrap\cache directory must be present and writable. {"exception":"[object] (Error(code: 0): __VSCODE_LARAVEL_STARTUP_ERROR__: The C:\\Users\\LENOVO LEGION\\Documents\\email payment gatway\\bootstrap\\cache directory must be present and writable. at C:/Users/LENOVO LEGION/Documents/email payment gatway/vendor/_laravel_ide/discover-5802e590a92e23606bb54d2909564178.php:33)
[stacktrace]
#0 C:/Users/LENOVO LEGION/Documents/email payment gatway/vendor/_laravel_ide/discover-5802e590a92e23606bb54d2909564178.php(62): LaravelVsCode::startupError(Object(Exception))
#1 {main}
"} 
[2026-01-07 10:13:16] local.ERROR: __VSCODE_LARAVEL_STARTUP_ERROR__: The C:\Users\LENOVO LEGION\Documents\email payment gatway\bootstrap\cache directory must be present and writable. {"exception":"[object] (Error(code: 0): __VSCODE_LARAVEL_STARTUP_ERROR__: The C:\\Users\\LENOVO LEGION\\Documents\\email payment gatway\\bootstrap\\cache directory must be present and writable. at C:/Users/LENOVO LEGION/Documents/email payment gatway/vendor/_laravel_ide/discover-5802e590a92e23606bb54d2909564178.php:33)
[stacktrace]
#0 C:/Users/LENOVO LEGION/Documents/email payment gatway/vendor/_laravel_ide/discover-5802e590a92e23606bb54d2909564178.php(62): LaravelVsCode::startupError(Object(Exception))
#1 {main}
"} 
[2026-01-07 10:13:16] local.ERROR: __VSCODE_LARAVEL_STARTUP_ERROR__: The C:\Users\LENOVO LEGION\Documents\email payment gatway\bootstrap\cache directory must be present and writable. {"exception":"[object] (Error(code: 0): __VSCODE_LARAVEL_STARTUP_ERROR__: The C:\\Users\\LENOVO LEGION\\Documents\\email payment gatway\\bootstrap\\cache directory must be present and writable. at C:/Users/LENOVO LEGION/Documents/email payment gatway/vendor/_laravel_ide/discover-6d96201ad95cad12367117063c707ebf.php:33)
[stacktrace]
#0 C:/Users/LENOVO LEGION/Documents/email payment gatway/vendor/_laravel_ide/discover-6d96201ad95cad12367117063c707ebf.php(62): LaravelVsCode::startupError(Object(Exception))
#1 {main}
"} 
[2026-01-07 10:13:17] local.ERROR: __VSCODE_LARAVEL_STARTUP_ERROR__: The C:\Users\LENOVO LEGION\Documents\email payment gatway\bootstrap\cache directory must be present and writable. {"exception":"[object] (Error(code: 0): __VSCODE_LARAVEL_STARTUP_ERROR__: The C:\\Users\\LENOVO LEGION\\Documents\\email payment gatway\\bootstrap\\cache directory must be present and writable. at C:/Users/LENOVO LEGION/Documents/email payment gatway/vendor/_laravel_ide/discover-5802e590a92e23606bb54d2909564178.php:33)
[stacktrace]
#0 C:/Users/LENOVO LEGION/Documents/email payment gatway/vendor/_laravel_ide/discover-5802e590a92e23606bb54d2909564178.php(62): LaravelVsCode::startupError(Object(Exception))
#1 {main}
"} 
[2026-01-07 10:13:17] local.ERROR: __VSCODE_LARAVEL_STARTUP_ERROR__: The C:\Users\LENOVO LEGION\Documents\email payment gatway\bootstrap\cache directory must be present and writable. {"exception":"[object] (Error(code: 0): __VSCODE_LARAVEL_STARTUP_ERROR__: The C:\\Users\\LENOVO LEGION\\Documents\\email payment gatway\\bootstrap\\cache directory must be present and writable. at C:/Users/LENOVO LEGION/Documents/email payment gatway/vendor/_laravel_ide/discover-6d96201ad95cad12367117063c707ebf.php:33)
[stacktrace]
#0 C:/Users/LENOVO LEGION/Documents/email payment gatway/vendor/_laravel_ide/discover-6d96201ad95cad12367117063c707ebf.php(62): LaravelVsCode::startupError(Object(Exception))
#1 {main}
"} 
[2026-01-07 10:13:18] local.ERROR: __VSCODE_LARAVEL_STARTUP_ERROR__: The C:\Users\LENOVO LEGION\Documents\email payment gatway\bootstrap\cache directory must be present and writable. {"exception":"[object] (Error(code: 0): __VSCODE_LARAVEL_STARTUP_ERROR__: The C:\\Users\\LENOVO LEGION\\Documents\\email payment gatway\\bootstrap\\cache directory must be present and writable. at C:/Users/LENOVO LEGION/Documents/email payment gatway/vendor/_laravel_ide/discover-6d96201ad95cad12367117063c707ebf.php:33)
[stacktrace]
#0 C:/Users/LENOVO LEGION/Documents/email payment gatway/vendor/_laravel_ide/discover-6d96201ad95cad12367117063c707ebf.php(62): LaravelVsCode::startupError(Object(Exception))
#1 {main}
"} 
[2026-01-07 10:13:18] local.ERROR: __VSCODE_LARAVEL_STARTUP_ERROR__: The C:\Users\LENOVO LEGION\Documents\email payment gatway\bootstrap\cache directory must be present and writable. {"exception":"[object] (Error(code: 0): __VSCODE_LARAVEL_STARTUP_ERROR__: The C:\\Users\\LENOVO LEGION\\Documents\\email payment gatway\\bootstrap\\cache directory must be present and writable. at C:/Users/LENOVO LEGION/Documents/email payment gatway/vendor/_laravel_ide/discover-6d96201ad95cad12367117063c707ebf.php:33)
[stacktrace]
#0 C:/Users/LENOVO LEGION/Documents/email payment gatway/vendor/_laravel_ide/discover-6d96201ad95cad12367117063c707ebf.php(62): LaravelVsCode::startupError(Object(Exception))
#1 {main}
"} 
[2026-01-07 10:13:18] local.ERROR: __VSCODE_LARAVEL_STARTUP_ERROR__: The C:\Users\LENOVO LEGION\Documents\email payment gatway\bootstrap\cache directory must be present and writable. {"exception":"[object] (Error(code: 0): __VSCODE_LARAVEL_STARTUP_ERROR__: The C:\\Users\\LENOVO LEGION\\Documents\\email payment gatway\\bootstrap\\cache directory must be present and writable. at C:/Users/LENOVO LEGION/Documents/email payment gatway/vendor/_laravel_ide/discover-5802e590a92e23606bb54d2909564178.php:33)
[stacktrace]
#0 C:/Users/LENOVO LEGION/Documents/email payment gatway/vendor/_laravel_ide/discover-5802e590a92e23606bb54d2909564178.php(62): LaravelVsCode::startupError(Object(Exception))
#1 {main}
"} 
[2026-01-07 10:13:19] local.ERROR: The C:\Users\LENOVO LEGION\Documents\email payment gatway\bootstrap\cache directory must be present and writable. {"exception":"[object] (Exception(code: 0): The C:\\Users\\LENOVO LEGION\\Documents\\email payment gatway\\bootstrap\\cache directory must be present and writable. at C:/Users/LENOVO LEGION/Documents/email payment gatway/vendor/laravel/framework/src/Illuminate/Foundation/PackageManifest.php:178)
[stacktrace]
#0 C:/Users/LENOVO LEGION/Documents/email payment gatway/vendor/laravel/framework/src/Illuminate/Foundation/PackageManifest.php(131): Illuminate/Foundation/PackageManifest->write(Array)
#1 C:/Users/LENOVO LEGION/Documents/email payment gatway/vendor/laravel/framework/src/Illuminate/Foundation/PackageManifest.php(107): Illuminate/Foundation/PackageManifest->build()
#2 C:/Users/LENOVO LEGION/Documents/email payment gatway/vendor/laravel/framework/src/Illuminate/Foundation/PackageManifest.php(90): Illuminate/Foundation/PackageManifest->getManifest()
#3 C:/Users/LENOVO LEGION/Documents/email payment gatway/vendor/laravel/framework/src/Illuminate/Foundation/PackageManifest.php(79): Illuminate/Foundation/PackageManifest->config('aliases')
#4 C:/Users/LENOVO LEGION/Documents/email payment gatway/vendor/laravel/framework/src/Illuminate/Foundation/Bootstrap/RegisterFacades.php(26): Illuminate/Foundation/PackageManifest->aliases()
#5 C:/Users/LENOVO LEGION/Documents/email payment gatway/vendor/laravel/framework/src/Illuminate/Foundation/Application.php(286): Illuminate/Foundation/Bootstrap/RegisterFacades->bootstrap(Object(Illuminate/Foundation/Application))
#6 C:/Users/LENOVO LEGION/Documents/email payment gatway/vendor/laravel/framework/src/Illuminate/Foundation/Console/Kernel.php(447): Illuminate/Foundation/Application->bootstrapWith(Array)
#7 C:/Users/LENOVO LEGION/Documents/email payment gatway/vendor/laravel/framework/src/Illuminate/Foundation/Console/Kernel.php(199): Illuminate/Foundation/Console/Kernel->bootstrap()
#8 C:/Users/LENOVO LEGION/Documents/email payment gatway/artisan(14): Illuminate/Foundation/Console/Kernel->handle(Object(Symfony/Component/Console/Input/ArgvInput), Object(Symfony/Component/Console/Output/ConsoleOutput))
#9 {main}
"} 
[2026-01-07 10:13:20] local.ERROR: __VSCODE_LARAVEL_STARTUP_ERROR__: The C:\Users\LENOVO LEGION\Documents\email payment gatway\bootstrap\cache directory must be present and writable. {"exception":"[object] (Error(code: 0): __VSCODE_LARAVEL_STARTUP_ERROR__: The C:\\Users\\LENOVO LEGION\\Documents\\email payment gatway\\bootstrap\\cache directory must be present and writable. at C:/Users/LENOVO LEGION/Documents/email payment gatway/vendor/_laravel_ide/discover-6d96201ad95cad12367117063c707ebf.php:33)
[stacktrace]
#0 C:/Users/LENOVO LEGION/Documents/email payment gatway/vendor/_laravel_ide/discover-6d96201ad95cad12367117063c707ebf.php(62): LaravelVsCode::startupError(Object(Exception))
#1 {main}
"} 
[2026-01-07 10:13:20] local.ERROR: __VSCODE_LARAVEL_STARTUP_ERROR__: The C:\Users\LENOVO LEGION\Documents\email payment gatway\bootstrap\cache directory must be present and writable. {"exception":"[object] (Error(code: 0): __VSCODE_LARAVEL_STARTUP_ERROR__: The C:\\Users\\LENOVO LEGION\\Documents\\email payment gatway\\bootstrap\\cache directory must be present and writable. at C:/Users/LENOVO LEGION/Documents/email payment gatway/vendor/_laravel_ide/discover-5802e590a92e23606bb54d2909564178.php:33)
[stacktrace]
#0 C:/Users/LENOVO LEGION/Documents/email payment gatway/vendor/_laravel_ide/discover-5802e590a92e23606bb54d2909564178.php(62): LaravelVsCode::startupError(Object(Exception))
#1 {main}
"} 
[2026-01-07 10:13:22] local.ERROR: The C:\Users\LENOVO LEGION\Documents\email payment gatway\bootstrap\cache directory must be present and writable. {"exception":"[object] (Exception(code: 0): The C:\\Users\\LENOVO LEGION\\Documents\\email payment gatway\\bootstrap\\cache directory must be present and writable. at C:/Users/LENOVO LEGION/Documents/email payment gatway/vendor/laravel/framework/src/Illuminate/Foundation/PackageManifest.php:178)
[stacktrace]
#0 C:/Users/LENOVO LEGION/Documents/email payment gatway/vendor/laravel/framework/src/Illuminate/Foundation/PackageManifest.php(131): Illuminate/Foundation/PackageManifest->write(Array)
#1 C:/Users/LENOVO LEGION/Documents/email payment gatway/vendor/laravel/framework/src/Illuminate/Foundation/PackageManifest.php(107): Illuminate/Foundation/PackageManifest->build()
#2 C:/Users/LENOVO LEGION/Documents/email payment gatway/vendor/laravel/framework/src/Illuminate/Foundation/PackageManifest.php(90): Illuminate/Foundation/PackageManifest->getManifest()
#3 C:/Users/LENOVO LEGION/Documents/email payment gatway/vendor/laravel/framework/src/Illuminate/Foundation/PackageManifest.php(79): Illuminate/Foundation/PackageManifest->config('aliases')
#4 C:/Users/LENOVO LEGION/Documents/email payment gatway/vendor/laravel/framework/src/Illuminate/Foundation/Bootstrap/RegisterFacades.php(26): Illuminate/Foundation/PackageManifest->aliases()
#5 C:/Users/LENOVO LEGION/Documents/email payment gatway/vendor/laravel/framework/src/Illuminate/Foundation/Application.php(286): Illuminate/Foundation/Bootstrap/RegisterFacades->bootstrap(Object(Illuminate/Foundation/Application))
#6 C:/Users/LENOVO LEGION/Documents/email payment gatway/vendor/laravel/framework/src/Illuminate/Foundation/Console/Kernel.php(447): Illuminate/Foundation/Application->bootstrapWith(Array)
#7 C:/Users/LENOVO LEGION/Documents/email payment gatway/vendor/laravel/framework/src/Illuminate/Foundation/Console/Kernel.php(199): Illuminate/Foundation/Console/Kernel->bootstrap()
#8 C:/Users/LENOVO LEGION/Documents/email payment gatway/artisan(14): Illuminate/Foundation/Console/Kernel->handle(Object(Symfony/Component/Console/Input/ArgvInput), Object(Symfony/Component/Console/Output/ConsoleOutput))
#9 {main}
"} 
[2026-01-07 10:13:24] local.ERROR: The C:\Users\LENOVO LEGION\Documents\email payment gatway\bootstrap\cache directory must be present and writable. {"exception":"[object] (Exception(code: 0): The C:\\Users\\LENOVO LEGION\\Documents\\email payment gatway\\bootstrap\\cache directory must be present and writable. at C:/Users/LENOVO LEGION/Documents/email payment gatway/vendor/laravel/framework/src/Illuminate/Foundation/PackageManifest.php:178)
[stacktrace]
#0 C:/Users/LENOVO LEGION/Documents/email payment gatway/vendor/laravel/framework/src/Illuminate/Foundation/PackageManifest.php(131): Illuminate/Foundation/PackageManifest->write(Array)
#1 C:/Users/LENOVO LEGION/Documents/email payment gatway/vendor/laravel/framework/src/Illuminate/Foundation/PackageManifest.php(107): Illuminate/Foundation/PackageManifest->build()
#2 C:/Users/LENOVO LEGION/Documents/email payment gatway/vendor/laravel/framework/src/Illuminate/Foundation/PackageManifest.php(90): Illuminate/Foundation/PackageManifest->getManifest()
#3 C:/Users/LENOVO LEGION/Documents/email payment gatway/vendor/laravel/framework/src/Illuminate/Foundation/PackageManifest.php(79): Illuminate/Foundation/PackageManifest->config('aliases')
#4 C:/Users/LENOVO LEGION/Documents/email payment gatway/vendor/laravel/framework/src/Illuminate/Foundation/Bootstrap/RegisterFacades.php(26): Illuminate/Foundation/PackageManifest->aliases()
#5 C:/Users/LENOVO LEGION/Documents/email payment gatway/vendor/laravel/framework/src/Illuminate/Foundation/Application.php(286): Illuminate/Foundation/Bootstrap/RegisterFacades->bootstrap(Object(Illuminate/Foundation/Application))
#6 C:/Users/LENOVO LEGION/Documents/email payment gatway/vendor/laravel/framework/src/Illuminate/Foundation/Console/Kernel.php(447): Illuminate/Foundation/Application->bootstrapWith(Array)
#7 C:/Users/LENOVO LEGION/Documents/email payment gatway/vendor/laravel/framework/src/Illuminate/Foundation/Console/Kernel.php(199): Illuminate/Foundation/Console/Kernel->bootstrap()
#8 Command line code(1): Illuminate/Foundation/Console/Kernel->handle(Object(Symfony/Component/Console/Input/ArgvInput), Object(Symfony/Component/Console/Output/ConsoleOutput))
#9 {main}
"} 
[2026-01-07 10:13:24] local.ERROR: The C:\Users\LENOVO LEGION\Documents\email payment gatway\bootstrap\cache directory must be present and writable. {"exception":"[object] (Exception(code: 0): The C:\\Users\\LENOVO LEGION\\Documents\\email payment gatway\\bootstrap\\cache directory must be present and writable. at C:/Users/LENOVO LEGION/Documents/email payment gatway/vendor/laravel/framework/src/Illuminate/Foundation/PackageManifest.php:178)
[stacktrace]
#0 C:/Users/LENOVO LEGION/Documents/email payment gatway/vendor/laravel/framework/src/Illuminate/Foundation/PackageManifest.php(131): Illuminate/Foundation/PackageManifest->write(Array)
#1 C:/Users/LENOVO LEGION/Documents/email payment gatway/vendor/laravel/framework/src/Illuminate/Foundation/PackageManifest.php(107): Illuminate/Foundation/PackageManifest->build()
#2 C:/Users/LENOVO LEGION/Documents/email payment gatway/vendor/laravel/framework/src/Illuminate/Foundation/PackageManifest.php(90): Illuminate/Foundation/PackageManifest->getManifest()
#3 C:/Users/LENOVO LEGION/Documents/email payment gatway/vendor/laravel/framework/src/Illuminate/Foundation/PackageManifest.php(79): Illuminate/Foundation/PackageManifest->config('aliases')
#4 C:/Users/LENOVO LEGION/Documents/email payment gatway/vendor/laravel/framework/src/Illuminate/Foundation/Bootstrap/RegisterFacades.php(26): Illuminate/Foundation/PackageManifest->aliases()
#5 C:/Users/LENOVO LEGION/Documents/email payment gatway/vendor/laravel/framework/src/Illuminate/Foundation/Application.php(286): Illuminate/Foundation/Bootstrap/RegisterFacades->bootstrap(Object(Illuminate/Foundation/Application))
#6 C:/Users/LENOVO LEGION/Documents/email payment gatway/vendor/laravel/framework/src/Illuminate/Foundation/Console/Kernel.php(447): Illuminate/Foundation/Application->bootstrapWith(Array)
#7 C:/Users/LENOVO LEGION/Documents/email payment gatway/vendor/laravel/framework/src/Illuminate/Foundation/Console/Kernel.php(199): Illuminate/Foundation/Console/Kernel->bootstrap()
#8 Command line code(1): Illuminate/Foundation/Console/Kernel->handle(Object(Symfony/Component/Console/Input/ArgvInput), Object(Symfony/Component/Console/Output/ConsoleOutput))
#9 {main}
"} 
[2026-01-07 10:13:25] local.ERROR: The C:\Users\LENOVO LEGION\Documents\email payment gatway\bootstrap\cache directory must be present and writable. {"exception":"[object] (Exception(code: 0): The C:\\Users\\LENOVO LEGION\\Documents\\email payment gatway\\bootstrap\\cache directory must be present and writable. at C:/Users/LENOVO LEGION/Documents/email payment gatway/vendor/laravel/framework/src/Illuminate/Foundation/PackageManifest.php:178)
[stacktrace]
#0 C:/Users/LENOVO LEGION/Documents/email payment gatway/vendor/laravel/framework/src/Illuminate/Foundation/PackageManifest.php(131): Illuminate/Foundation/PackageManifest->write(Array)
#1 C:/Users/LENOVO LEGION/Documents/email payment gatway/vendor/laravel/framework/src/Illuminate/Foundation/PackageManifest.php(107): Illuminate/Foundation/PackageManifest->build()
#2 C:/Users/LENOVO LEGION/Documents/email payment gatway/vendor/laravel/framework/src/Illuminate/Foundation/PackageManifest.php(90): Illuminate/Foundation/PackageManifest->getManifest()
#3 C:/Users/LENOVO LEGION/Documents/email payment gatway/vendor/laravel/framework/src/Illuminate/Foundation/PackageManifest.php(79): Illuminate/Foundation/PackageManifest->config('aliases')
#4 C:/Users/LENOVO LEGION/Documents/email payment gatway/vendor/laravel/framework/src/Illuminate/Foundation/Bootstrap/RegisterFacades.php(26): Illuminate/Foundation/PackageManifest->aliases()
#5 C:/Users/LENOVO LEGION/Documents/email payment gatway/vendor/laravel/framework/src/Illuminate/Foundation/Application.php(286): Illuminate/Foundation/Bootstrap/RegisterFacades->bootstrap(Object(Illuminate/Foundation/Application))
#6 C:/Users/LENOVO LEGION/Documents/email payment gatway/vendor/laravel/framework/src/Illuminate/Foundation/Console/Kernel.php(447): Illuminate/Foundation/Application->bootstrapWith(Array)
#7 C:/Users/LENOVO LEGION/Documents/email payment gatway/vendor/laravel/framework/src/Illuminate/Foundation/Console/Kernel.php(199): Illuminate/Foundation/Console/Kernel->bootstrap()
#8 C:/Users/LENOVO LEGION/Documents/email payment gatway/artisan(14): Illuminate/Foundation/Console/Kernel->handle(Object(Symfony/Component/Console/Input/ArgvInput), Object(Symfony/Component/Console/Output/ConsoleOutput))
#9 {main}
"} 
[2026-01-07 10:13:39] local.ERROR: Method Illuminate\Foundation\Console\ClosureCommand::hourly does not exist. {"exception":"[object] (BadMethodCallException(code: 0): Method Illuminate\\Foundation\\Console\\ClosureCommand::hourly does not exist. at C:/Users/LENOVO LEGION/Documents/email payment gatway/vendor/laravel/framework/src/Illuminate/Macroable/Traits/Macroable.php:112)
[stacktrace]
#0 C:/Users/LENOVO LEGION/Documents/email payment gatway/routes/console.php(8): Illuminate/Console/Command->__call('hourly', Array)
#1 C:/Users/LENOVO LEGION/Documents/email payment gatway/app/Console/Kernel.php(34): require('C://Users//LENOVO...')
#2 C:/Users/LENOVO LEGION/Documents/email payment gatway/vendor/laravel/framework/src/Illuminate/Foundation/Console/Kernel.php(453): App/Console/Kernel->commands()
#3 C:/Users/LENOVO LEGION/Documents/email payment gatway/vendor/laravel/framework/src/Illuminate/Foundation/Console/Kernel.php(199): Illuminate/Foundation/Console/Kernel->bootstrap()
#4 C:/Users/LENOVO LEGION/Documents/email payment gatway/artisan(14): Illuminate/Foundation/Console/Kernel->handle(Object(Symfony/Component/Console/Input/ArgvInput), Object(Symfony/Component/Console/Output/ConsoleOutput))
#5 {main}
"} 
[2026-01-07 10:13:42] local.ERROR: Method Illuminate\Foundation\Console\ClosureCommand::hourly does not exist. {"exception":"[object] (BadMethodCallException(code: 0): Method Illuminate\\Foundation\\Console\\ClosureCommand::hourly does not exist. at C:/Users/LENOVO LEGION/Documents/email payment gatway/vendor/laravel/framework/src/Illuminate/Macroable/Traits/Macroable.php:112)
[stacktrace]
#0 C:/Users/LENOVO LEGION/Documents/email payment gatway/routes/console.php(8): Illuminate/Console/Command->__call('hourly', Array)
#1 C:/Users/LENOVO LEGION/Documents/email payment gatway/app/Console/Kernel.php(34): require('C://Users//LENOVO...')
#2 C:/Users/LENOVO LEGION/Documents/email payment gatway/vendor/laravel/framework/src/Illuminate/Foundation/Console/Kernel.php(453): App/Console/Kernel->commands()
#3 C:/Users/LENOVO LEGION/Documents/email payment gatway/vendor/laravel/framework/src/Illuminate/Foundation/Console/Kernel.php(199): Illuminate/Foundation/Console/Kernel->bootstrap()
#4 C:/Users/LENOVO LEGION/Documents/email payment gatway/artisan(14): Illuminate/Foundation/Console/Kernel->handle(Object(Symfony/Component/Console/Input/ArgvInput), Object(Symfony/Component/Console/Output/ConsoleOutput))
#5 {main}
"} 
[2026-01-07 10:13:44] local.ERROR: Method Illuminate\Foundation\Console\ClosureCommand::hourly does not exist. {"exception":"[object] (BadMethodCallException(code: 0): Method Illuminate\\Foundation\\Console\\ClosureCommand::hourly does not exist. at C:/Users/LENOVO LEGION/Documents/email payment gatway/vendor/laravel/framework/src/Illuminate/Macroable/Traits/Macroable.php:112)
[stacktrace]
#0 C:/Users/LENOVO LEGION/Documents/email payment gatway/routes/console.php(8): Illuminate/Console/Command->__call('hourly', Array)
#1 C:/Users/LENOVO LEGION/Documents/email payment gatway/app/Console/Kernel.php(34): require('C://Users//LENOVO...')
#2 C:/Users/LENOVO LEGION/Documents/email payment gatway/vendor/laravel/framework/src/Illuminate/Foundation/Console/Kernel.php(453): App/Console/Kernel->commands()
#3 C:/Users/LENOVO LEGION/Documents/email payment gatway/vendor/laravel/framework/src/Illuminate/Foundation/Console/Kernel.php(199): Illuminate/Foundation/Console/Kernel->bootstrap()
#4 Command line code(1): Illuminate/Foundation/Console/Kernel->handle(Object(Symfony/Component/Console/Input/ArgvInput), Object(Symfony/Component/Console/Output/ConsoleOutput))
#5 {main}
"} 
[2026-01-07 10:13:44] local.ERROR: Uncaught TypeError: Illuminate\View\FileViewFinder::__construct(): Argument #2 ($paths) must be of type array, null given, called in C:\Users\LENOVO LEGION\Documents\email payment gatway\vendor\laravel\framework\src\Illuminate\View\ViewServiceProvider.php on line 85 and defined in C:\Users\LENOVO LEGION\Documents\email payment gatway\vendor\laravel\framework\src\Illuminate\View\FileViewFinder.php:53
Stack trace:
#0 C:\Users\LENOVO LEGION\Documents\email payment gatway\vendor\laravel\framework\src\Illuminate\View\ViewServiceProvider.php(85): Illuminate\View\FileViewFinder->__construct(Object(Illuminate\Filesystem\Filesystem), NULL)
#1 C:\Users\LENOVO LEGION\Documents\email payment gatway\vendor\laravel\framework\src\Illuminate\Container\Container.php(908): Illuminate\View\ViewServiceProvider->{closure:Illuminate\View\ViewServiceProvider::registerViewFinder():84}(Object(Illuminate\Foundation\Application), Array)
#2 C:\Users\LENOVO LEGION\Documents\email payment gatway\vendor\laravel\framework\src\Illuminate\Container\Container.php(795): Illuminate\Container\Container->build(Object(Closure))
#3 C:\Users\LENOVO LEGION\Documents\email payment gatway\vendor\laravel\framework\src\Illuminate\Foundation\Application.php(986): Illuminate\Container\Container->resolve('view.finder', Array, true)
#4 C:\Users\LENOVO LEGION\Documents\email payment gatway\vendor\laravel\framework\src\Illuminate\Container\Container.php(731): Illuminate\Foundation\Application->resolve('view.finder', Array)
#5 C:\Users\LENOVO LEGION\Documents\email payment gatway\vendor\laravel\framework\src\Illuminate\Foundation\Application.php(971): Illuminate\Container\Container->make('view.finder', Array)
#6 C:\Users\LENOVO LEGION\Documents\email payment gatway\vendor\laravel\framework\src\Illuminate\Container\Container.php(1454): Illuminate\Foundation\Application->make('view.finder')
#7 C:\Users\LENOVO LEGION\Documents\email payment gatway\vendor\laravel\framework\src\Illuminate\View\ViewServiceProvider.php(45): Illuminate\Container\Container->offsetGet('view.finder')
#8 C:\Users\LENOVO LEGION\Documents\email payment gatway\vendor\laravel\framework\src\Illuminate\Container\Container.php(908): Illuminate\View\ViewServiceProvider->{closure:Illuminate\View\ViewServiceProvider::registerFactory():39}(Object(Illuminate\Foundation\Application), Array)
#9 C:\Users\LENOVO LEGION\Documents\email payment gatway\vendor\laravel\framework\src\Illuminate\Container\Container.php(795): Illuminate\Container\Container->build(Object(Closure))
#10 C:\Users\LENOVO LEGION\Documents\email payment gatway\vendor\laravel\framework\src\Illuminate\Foundation\Application.php(986): Illuminate\Container\Container->resolve('view', Array, true)
#11 C:\Users\LENOVO LEGION\Documents\email payment gatway\vendor\laravel\framework\src\Illuminate\Container\Container.php(731): Illuminate\Foundation\Application->resolve('view', Array)
#12 C:\Users\LENOVO LEGION\Documents\email payment gatway\vendor\laravel\framework\src\Illuminate\Foundation\Application.php(971): Illuminate\Container\Container->make('view', Array)
#13 C:\Users\LENOVO LEGION\Documents\email payment gatway\vendor\laravel\framework\src\Illuminate\Foundation\helpers.php(120): Illuminate\Foundation\Application->make('view', Array)
#14 Command line code(1): app('view')
#15 {main}
  thrown {"exception":"[object] (Symfony\\Component\\ErrorHandler\\Error\\FatalError(code: 0): Uncaught TypeError: Illuminate\\View\\FileViewFinder::__construct(): Argument #2 ($paths) must be of type array, null given, called in C:\\Users\\LENOVO LEGION\\Documents\\email payment gatway\\vendor\\laravel\\framework\\src\\Illuminate\\View\\ViewServiceProvider.php on line 85 and defined in C:\\Users\\LENOVO LEGION\\Documents\\email payment gatway\\vendor\\laravel\\framework\\src\\Illuminate\\View\\FileViewFinder.php:53
Stack trace:
#0 C:\\Users\\LENOVO LEGION\\Documents\\email payment gatway\\vendor\\laravel\\framework\\src\\Illuminate\\View\\ViewServiceProvider.php(85): Illuminate\\View\\FileViewFinder->__construct(Object(Illuminate\\Filesystem\\Filesystem), NULL)
#1 C:\\Users\\LENOVO LEGION\\Documents\\email payment gatway\\vendor\\laravel\\framework\\src\\Illuminate\\Container\\Container.php(908): Illuminate\\View\\ViewServiceProvider->{closure:Illuminate\\View\\ViewServiceProvider::registerViewFinder():84}(Object(Illuminate\\Foundation\\Application), Array)
#2 C:\\Users\\LENOVO LEGION\\Documents\\email payment gatway\\vendor\\laravel\\framework\\src\\Illuminate\\Container\\Container.php(795): Illuminate\\Container\\Container->build(Object(Closure))
#3 C:\\Users\\LENOVO LEGION\\Documents\\email payment gatway\\vendor\\laravel\\framework\\src\\Illuminate\\Foundation\\Application.php(986): Illuminate\\Container\\Container->resolve('view.finder', Array, true)
#4 C:\\Users\\LENOVO LEGION\\Documents\\email payment gatway\\vendor\\laravel\\framework\\src\\Illuminate\\Container\\Container.php(731): Illuminate\\Foundation\\Application->resolve('view.finder', Array)
#5 C:\\Users\\LENOVO LEGION\\Documents\\email payment gatway\\vendor\\laravel\\framework\\src\\Illuminate\\Foundation\\Application.php(971): Illuminate\\Container\\Container->make('view.finder', Array)
#6 C:\\Users\\LENOVO LEGION\\Documents\\email payment gatway\\vendor\\laravel\\framework\\src\\Illuminate\\Container\\Container.php(1454): Illuminate\\Foundation\\Application->make('view.finder')
#7 C:\\Users\\LENOVO LEGION\\Documents\\email payment gatway\\vendor\\laravel\\framework\\src\\Illuminate\\View\\ViewServiceProvider.php(45): Illuminate\\Container\\Container->offsetGet('view.finder')
#8 C:\\Users\\LENOVO LEGION\\Documents\\email payment gatway\\vendor\\laravel\\framework\\src\\Illuminate\\Container\\Container.php(908): Illuminate\\View\\ViewServiceProvider->{closure:Illuminate\\View\\ViewServiceProvider::registerFactory():39}(Object(Illuminate\\Foundation\\Application), Array)
#9 C:\\Users\\LENOVO LEGION\\Documents\\email payment gatway\\vendor\\laravel\\framework\\src\\Illuminate\\Container\\Container.php(795): Illuminate\\Container\\Container->build(Object(Closure))
#10 C:\\Users\\LENOVO LEGION\\Documents\\email payment gatway\\vendor\\laravel\\framework\\src\\Illuminate\\Foundation\\Application.php(986): Illuminate\\Container\\Container->resolve('view', Array, true)
#11 C:\\Users\\LENOVO LEGION\\Documents\\email payment gatway\\vendor\\laravel\\framework\\src\\Illuminate\\Container\\Container.php(731): Illuminate\\Foundation\\Application->resolve('view', Array)
#12 C:\\Users\\LENOVO LEGION\\Documents\\email payment gatway\\vendor\\laravel\\framework\\src\\Illuminate\\Foundation\\Application.php(971): Illuminate\\Container\\Container->make('view', Array)
#13 C:\\Users\\LENOVO LEGION\\Documents\\email payment gatway\\vendor\\laravel\\framework\\src\\Illuminate\\Foundation\\helpers.php(120): Illuminate\\Foundation\\Application->make('view', Array)
#14 Command line code(1): app('view')
#15 {main}
  thrown at C:/Users/LENOVO LEGION/Documents/email payment gatway/vendor/laravel/framework/src/Illuminate/View/FileViewFinder.php:53)
[stacktrace]
#0 {main}
"} 
[2026-01-07 10:13:47] local.ERROR: Method Illuminate\Foundation\Console\ClosureCommand::hourly does not exist. {"exception":"[object] (BadMethodCallException(code: 0): Method Illuminate\\Foundation\\Console\\ClosureCommand::hourly does not exist. at C:/Users/LENOVO LEGION/Documents/email payment gatway/vendor/laravel/framework/src/Illuminate/Macroable/Traits/Macroable.php:112)
[stacktrace]
#0 C:/Users/LENOVO LEGION/Documents/email payment gatway/routes/console.php(8): Illuminate/Console/Command->__call('hourly', Array)
#1 C:/Users/LENOVO LEGION/Documents/email payment gatway/app/Console/Kernel.php(34): require('C://Users//LENOVO...')
#2 C:/Users/LENOVO LEGION/Documents/email payment gatway/vendor/laravel/framework/src/Illuminate/Foundation/Console/Kernel.php(453): App/Console/Kernel->commands()
#3 C:/Users/LENOVO LEGION/Documents/email payment gatway/vendor/laravel/framework/src/Illuminate/Foundation/Console/Kernel.php(199): Illuminate/Foundation/Console/Kernel->bootstrap()
#4 C:/Users/LENOVO LEGION/Documents/email payment gatway/artisan(14): Illuminate/Foundation/Console/Kernel->handle(Object(Symfony/Component/Console/Input/ArgvInput), Object(Symfony/Component/Console/Output/ConsoleOutput))
#5 {main}
"} 
